app/build/outputs/logs/manifest-merger-debug-report.txt
-- Merging decision tree log ---
manifest
ADDED from src\main\AndroidManifest.xml:2:1-73:12
	package
		ADDED from src\main\AndroidManifest.xml:3:5-32
		INJECTED from src\main\AndroidManifest.xml
		INJECTED from src\main\AndroidManifest.xml
	android:versionName
		ADDED from src\main\AndroidManifest.xml:5:5-30
		INJECTED from src\main\AndroidManifest.xml
		INJECTED from src\main\AndroidManifest.xml
	android:versionCode
		ADDED from src\main\AndroidManifest.xml:4:5-28
		INJECTED from src\main\AndroidManifest.xml
		INJECTED from src\main\AndroidManifest.xml
	xmlns:android
		ADDED from src\main\AndroidManifest.xml:2:11-69
uses-sdk
ADDED from src\main\AndroidManifest.xml:7:5-9:41
MERGED from [com.android.support:support-v4:22.2.1] AndroidManifest.xml:20:5-43
	android:targetSdkVersion
		ADDED from src\main\AndroidManifest.xml:9:9-38
		INJECTED from src\main\AndroidManifest.xml
		INJECTED from src\main\AndroidManifest.xml
	android:minSdkVersion
		ADDED from src\main\AndroidManifest.xml:8:9-35
		INJECTED from src\main\AndroidManifest.xml
		INJECTED from src\main\AndroidManifest.xml
uses-permission#android.permission.RECORD_AUDIO
ADDED from src\main\AndroidManifest.xml:11:5-71
	android:name
		ADDED from src\main\AndroidManifest.xml:11:22-68
uses-permission#android.permission.INTERNET
ADDED from src\main\AndroidManifest.xml:12:5-67
	android:name
		ADDED from src\main\AndroidManifest.xml:12:22-64
application
ADDED from src\main\AndroidManifest.xml:14:5-71:19
MERGED from [com.android.support:support-v4:22.2.1] AndroidManifest.xml:22:5-20
	android:label
		ADDED from src\main\AndroidManifest.xml:17:9-41
	android:allowBackup
		ADDED from src\main\AndroidManifest.xml:15:9-35
	android:icon
		ADDED from src\main\AndroidManifest.xml:16:9-38
	android:theme
		ADDED from src\main\AndroidManifest.xml:18:9-56
activity#com.sign.language.MainActivity
ADDED from src\main\AndroidManifest.xml:21:9-32:20
	android:screenOrientation
		ADDED from src\main\AndroidManifest.xml:24:13-49
	android:label
		ADDED from src\main\AndroidManifest.xml:23:13-45
	android:configChanges
		ADDED from src\main\AndroidManifest.xml:25:13-63
	android:name
		ADDED from src\main\AndroidManifest.xml:22:13-58
intent-filter#android.intent.action.MainActivity+android.intent.category.DEFAULT
ADDED from src\main\AndroidManifest.xml:27:13-31:29
action#android.intent.action.MainActivity
ADDED from src\main\AndroidManifest.xml:28:17-77
	android:name
		ADDED from src\main\AndroidManifest.xml:28:25-74
category#android.intent.category.DEFAULT
ADDED from src\main\AndroidManifest.xml:30:17-76
	android:name
		ADDED from src\main\AndroidManifest.xml:30:27-73
activity#com.sign.language.FirstActivity
ADDED from src\main\AndroidManifest.xml:34:9-44:20
	android:screenOrientation
		ADDED from src\main\AndroidManifest.xml:37:13-49
	android:label
		ADDED from src\main\AndroidManifest.xml:36:13-45
	android:configChanges
		ADDED from src\main\AndroidManifest.xml:38:13-63
	android:name
		ADDED from src\main\AndroidManifest.xml:35:13-59
intent-filter#android.intent.action.FirstActivity+android.intent.category.DEFAULT
ADDED from src\main\AndroidManifest.xml:39:13-43:29
action#android.intent.action.FirstActivity
ADDED from src\main\AndroidManifest.xml:40:17-78
	android:name
		ADDED from src\main\AndroidManifest.xml:40:25-75
activity#com.sign.language.DisplayActivity
ADDED from src\main\AndroidManifest.xml:46:9-56:20
	android:screenOrientation
		ADDED from src\main\AndroidManifest.xml:49:13-49
	android:label
		ADDED from src\main\AndroidManifest.xml:48:13-45
	android:configChanges
		ADDED from src\main\AndroidManifest.xml:50:13-63
	android:name
		ADDED from src\main\AndroidManifest.xml:47:13-61
intent-filter#android.intent.action.DisplayActivity+android.intent.category.DEFAULT
ADDED from src\main\AndroidManifest.xml:51:13-55:29
action#android.intent.action.DisplayActivity
ADDED from src\main\AndroidManifest.xml:52:17-80
	android:name
		ADDED from src\main\AndroidManifest.xml:52:25-77
activity#com.sign.language.SearchText
ADDED from src\main\AndroidManifest.xml:58:9-68:20
	android:screenOrientation
		ADDED from src\main\AndroidManifest.xml:61:13-49
	android:label
		ADDED from src\main\AndroidManifest.xml:60:13-45
	android:configChanges
		ADDED from src\main\AndroidManifest.xml:62:13-63
	android:name
		ADDED from src\main\AndroidManifest.xml:59:13-56
intent-filter#android.intent.action.MAIN+android.intent.category.LAUNCHER
ADDED from src\main\AndroidManifest.xml:63:13-67:29
action#android.intent.action.MAIN
ADDED from src\main\AndroidManifest.xml:64:17-69
	android:name
		ADDED from src\main\AndroidManifest.xml:64:25-66
category#android.intent.category.LAUNCHER
ADDED from src\main\AndroidManifest.xml:66:17-77
	android:name
		ADDED from src\main\AndroidManifest.xml:66:27-74